07-18 15:49-11 INFO     ####################################################################################################
07-18 15:49-12 DEBUG    Converting LabColor (lab_l:61.0000 lab_a:32.0000 lab_b:233.0000) to <class 'colormath.color_objects.sRGBColor'>
07-18 15:49-12 DEBUG     @ Conversion path: [<function Lab_to_XYZ at 0x7f95f5340310>, <function XYZ_to_RGB at 0x7f95f5340820>]
07-18 15:49-12 DEBUG     * Conversion: LabColor passed to <function Lab_to_XYZ at 0x7f95f5340310>()
07-18 15:49-12 DEBUG     |->  in LabColor (lab_l:61.0000 lab_a:32.0000 lab_b:233.0000)
07-18 15:49-12 DEBUG     |-< out XYZColor (xyz_x:0.3717 xyz_y:0.2925 xyz_z:-0.0677)
07-18 15:49-12 DEBUG     * Conversion: XYZColor passed to <function XYZ_to_RGB at 0x7f95f5340820>()
07-18 15:49-12 DEBUG     |->  in XYZColor (xyz_x:0.3717 xyz_y:0.2925 xyz_z:-0.0677)
07-18 15:49-12 DEBUG      \- Target RGB space: <class 'colormath.color_objects.sRGBColor'>
07-18 15:49-12 DEBUG      \- Target native illuminant: d65
07-18 15:49-12 DEBUG      \- XYZ color's illuminant: d50
07-18 15:49-12 DEBUG      \* Applying transformation from d50 to d65 
07-18 15:49-12 DEBUG      \* Applying adaptation matrix: bradford
07-18 15:49-12 DEBUG      \*   New values: 0.344, 0.283, -0.091
07-18 15:49-12 DEBUG      \* Applying RGB conversion matrix: type->xyz_to_rgb
07-18 15:49-12 DEBUG     |-< out sRGBColor (rgb_r:0.8678 rgb_g:0.4781 rgb_b:0.0000)
07-18 15:49-12 DEBUG    Converting LabColor (lab_l:251.0000 lab_a:250.0000 lab_b:255.0000) to <class 'colormath.color_objects.sRGBColor'>
07-18 15:49-12 DEBUG     @ Conversion path: [<function Lab_to_XYZ at 0x7f95f5340310>, <function XYZ_to_RGB at 0x7f95f5340820>]
07-18 15:49-12 DEBUG     * Conversion: LabColor passed to <function Lab_to_XYZ at 0x7f95f5340310>()
07-18 15:49-12 DEBUG     |->  in LabColor (lab_l:251.0000 lab_a:250.0000 lab_b:255.0000)
07-18 15:49-12 DEBUG     |-< out XYZColor (xyz_x:21.2057 xyz_y:12.1944 xyz_z:0.8932)
07-18 15:49-12 DEBUG     * Conversion: XYZColor passed to <function XYZ_to_RGB at 0x7f95f5340820>()
07-18 15:49-12 DEBUG     |->  in XYZColor (xyz_x:21.2057 xyz_y:12.1944 xyz_z:0.8932)
07-18 15:49-12 DEBUG      \- Target RGB space: <class 'colormath.color_objects.sRGBColor'>
07-18 15:49-12 DEBUG      \- Target native illuminant: d65
07-18 15:49-12 DEBUG      \- XYZ color's illuminant: d50
07-18 15:49-12 DEBUG      \* Applying transformation from d50 to d65 
07-18 15:49-12 DEBUG      \* Applying adaptation matrix: bradford
07-18 15:49-12 DEBUG      \*   New values: 20.039, 11.734, 1.199
07-18 15:49-12 DEBUG      \* Applying RGB conversion matrix: type->xyz_to_rgb
07-18 15:49-12 DEBUG     |-< out sRGBColor (rgb_r:5.1601 rgb_g:1.5261 rgb_b:0.0000)
07-18 15:49-12 DEBUG    Converting LabColor (lab_l:207.0000 lab_a:194.0000 lab_b:231.0000) to <class 'colormath.color_objects.sRGBColor'>
07-18 15:49-12 DEBUG     @ Conversion path: [<function Lab_to_XYZ at 0x7f95f5340310>, <function XYZ_to_RGB at 0x7f95f5340820>]
07-18 15:49-12 DEBUG     * Conversion: LabColor passed to <function Lab_to_XYZ at 0x7f95f5340310>()
07-18 15:49-12 DEBUG     |->  in LabColor (lab_l:207.0000 lab_a:194.0000 lab_b:231.0000)
07-18 15:49-12 DEBUG     |-< out XYZColor (xyz_x:11.8917 xyz_y:7.1046 xyz_z:0.3730)
07-18 15:49-12 DEBUG     * Conversion: XYZColor passed to <function XYZ_to_RGB at 0x7f95f5340820>()
07-18 15:49-12 DEBUG     |->  in XYZColor (xyz_x:11.8917 xyz_y:7.1046 xyz_z:0.3730)
07-18 15:49-12 DEBUG      \- Target RGB space: <class 'colormath.color_objects.sRGBColor'>
07-18 15:49-12 DEBUG      \- Target native illuminant: d65
07-18 15:49-12 DEBUG      \- XYZ color's illuminant: d50
07-18 15:49-12 DEBUG      \* Applying transformation from d50 to d65 
07-18 15:49-12 DEBUG      \* Applying adaptation matrix: bradford
07-18 15:49-12 DEBUG      \*   New values: 11.223, 6.847, 0.497
07-18 15:49-12 DEBUG      \* Applying RGB conversion matrix: type->xyz_to_rgb
07-18 15:49-12 DEBUG     |-< out sRGBColor (rgb_r:4.0189 rgb_g:1.3493 rgb_b:0.0000)
07-18 15:49-12 DEBUG    Converting LabColor (lab_l:73.0000 lab_a:46.0000 lab_b:233.0000) to <class 'colormath.color_objects.sRGBColor'>
07-18 15:49-12 DEBUG     @ Conversion path: [<function Lab_to_XYZ at 0x7f95f5340310>, <function XYZ_to_RGB at 0x7f95f5340820>]
07-18 15:49-12 DEBUG     * Conversion: LabColor passed to <function Lab_to_XYZ at 0x7f95f5340310>()
07-18 15:49-12 DEBUG     |->  in LabColor (lab_l:73.0000 lab_a:46.0000 lab_b:233.0000)
07-18 15:49-12 DEBUG     |-< out XYZColor (xyz_x:0.6117 xyz_y:0.4516 xyz_z:-0.0568)
07-18 15:49-12 DEBUG     * Conversion: XYZColor passed to <function XYZ_to_RGB at 0x7f95f5340820>()
07-18 15:49-12 DEBUG     |->  in XYZColor (xyz_x:0.6117 xyz_y:0.4516 xyz_z:-0.0568)
07-18 15:49-12 DEBUG      \- Target RGB space: <class 'colormath.color_objects.sRGBColor'>
07-18 15:49-12 DEBUG      \- Target native illuminant: d65
07-18 15:49-12 DEBUG      \- XYZ color's illuminant: d50
07-18 15:49-12 DEBUG      \* Applying transformation from d50 to d65 
07-18 15:49-12 DEBUG      \* Applying adaptation matrix: bradford
07-18 15:49-12 DEBUG      \*   New values: 0.571, 0.438, -0.077
07-18 15:49-12 DEBUG      \* Applying RGB conversion matrix: type->xyz_to_rgb
07-18 15:49-12 DEBUG     |-< out sRGBColor (rgb_r:1.0890 rgb_g:0.5515 rgb_b:0.0000)
07-18 15:49-12 DEBUG    Converting LabColor (lab_l:76.0000 lab_a:49.0000 lab_b:233.0000) to <class 'colormath.color_objects.sRGBColor'>
07-18 15:49-12 DEBUG     @ Conversion path: [<function Lab_to_XYZ at 0x7f95f5340310>, <function XYZ_to_RGB at 0x7f95f5340820>]
07-18 15:49-12 DEBUG     * Conversion: LabColor passed to <function Lab_to_XYZ at 0x7f95f5340310>()
07-18 15:49-12 DEBUG     |->  in LabColor (lab_l:76.0000 lab_a:49.0000 lab_b:233.0000)
07-18 15:49-12 DEBUG     |-< out XYZColor (xyz_x:0.6823 xyz_y:0.4989 xyz_z:-0.0540)
07-18 15:49-12 DEBUG     * Conversion: XYZColor passed to <function XYZ_to_RGB at 0x7f95f5340820>()
07-18 15:49-12 DEBUG     |->  in XYZColor (xyz_x:0.6823 xyz_y:0.4989 xyz_z:-0.0540)
07-18 15:49-12 DEBUG      \- Target RGB space: <class 'colormath.color_objects.sRGBColor'>
07-18 15:49-12 DEBUG      \- Target native illuminant: d65
07-18 15:49-12 DEBUG      \- XYZ color's illuminant: d50
07-18 15:49-12 DEBUG      \* Applying transformation from d50 to d65 
07-18 15:49-12 DEBUG      \* Applying adaptation matrix: bradford
07-18 15:49-12 DEBUG      \*   New values: 0.637, 0.483, -0.074
07-18 15:49-12 DEBUG      \* Applying RGB conversion matrix: type->xyz_to_rgb
07-18 15:49-12 DEBUG     |-< out sRGBColor (rgb_r:1.1435 rgb_g:0.5715 rgb_b:0.0000)
07-18 15:49-12 DEBUG    Converting LabColor (lab_l:76.0000 lab_a:49.0000 lab_b:233.0000) to <class 'colormath.color_objects.sRGBColor'>
07-18 15:49-12 DEBUG     @ Conversion path: [<function Lab_to_XYZ at 0x7f95f5340310>, <function XYZ_to_RGB at 0x7f95f5340820>]
07-18 15:49-12 DEBUG     * Conversion: LabColor passed to <function Lab_to_XYZ at 0x7f95f5340310>()
07-18 15:49-12 DEBUG     |->  in LabColor (lab_l:76.0000 lab_a:49.0000 lab_b:233.0000)
07-18 15:49-12 DEBUG     |-< out XYZColor (xyz_x:0.6823 xyz_y:0.4989 xyz_z:-0.0540)
07-18 15:49-12 DEBUG     * Conversion: XYZColor passed to <function XYZ_to_RGB at 0x7f95f5340820>()
07-18 15:49-12 DEBUG     |->  in XYZColor (xyz_x:0.6823 xyz_y:0.4989 xyz_z:-0.0540)
07-18 15:49-12 DEBUG      \- Target RGB space: <class 'colormath.color_objects.sRGBColor'>
07-18 15:49-12 DEBUG      \- Target native illuminant: d65
07-18 15:49-12 DEBUG      \- XYZ color's illuminant: d50
07-18 15:49-12 DEBUG      \* Applying transformation from d50 to d65 
07-18 15:49-12 DEBUG      \* Applying adaptation matrix: bradford
07-18 15:49-12 DEBUG      \*   New values: 0.637, 0.483, -0.074
07-18 15:49-12 DEBUG      \* Applying RGB conversion matrix: type->xyz_to_rgb
07-18 15:49-12 DEBUG     |-< out sRGBColor (rgb_r:1.1435 rgb_g:0.5715 rgb_b:0.0000)
07-18 15:49-12 DEBUG    Converting LabColor (lab_l:80.0000 lab_a:53.0000 lab_b:233.0000) to <class 'colormath.color_objects.sRGBColor'>
07-18 15:49-12 DEBUG     @ Conversion path: [<function Lab_to_XYZ at 0x7f95f5340310>, <function XYZ_to_RGB at 0x7f95f5340820>]
07-18 15:49-12 DEBUG     * Conversion: LabColor passed to <function Lab_to_XYZ at 0x7f95f5340310>()
07-18 15:49-12 DEBUG     |->  in LabColor (lab_l:80.0000 lab_a:53.0000 lab_b:233.0000)
07-18 15:49-12 DEBUG     |-< out XYZColor (xyz_x:0.7846 xyz_y:0.5668 xyz_z:-0.0504)
07-18 15:49-12 DEBUG     * Conversion: XYZColor passed to <function XYZ_to_RGB at 0x7f95f5340820>()
07-18 15:49-12 DEBUG     |->  in XYZColor (xyz_x:0.7846 xyz_y:0.5668 xyz_z:-0.0504)
07-18 15:49-12 DEBUG      \- Target RGB space: <class 'colormath.color_objects.sRGBColor'>
07-18 15:49-12 DEBUG      \- Target native illuminant: d65
07-18 15:49-12 DEBUG      \- XYZ color's illuminant: d50
07-18 15:49-12 DEBUG      \* Applying transformation from d50 to d65 
07-18 15:49-12 DEBUG      \* Applying adaptation matrix: bradford
07-18 15:49-12 DEBUG      \*   New values: 0.733, 0.549, -0.069
07-18 15:49-12 DEBUG      \* Applying RGB conversion matrix: type->xyz_to_rgb
07-18 15:49-12 DEBUG     |-< out sRGBColor (rgb_r:1.2172 rgb_g:0.5982 rgb_b:0.0000)
07-18 15:49-12 DEBUG    Converting LabColor (lab_l:0.0128 lab_a:-0.2755 lab_b:-0.0130) to <class 'colormath.color_objects.sRGBColor'>
07-18 15:49-12 DEBUG     @ Conversion path: [<function Lab_to_XYZ at 0x7f95f5340310>, <function XYZ_to_RGB at 0x7f95f5340820>]
07-18 15:49-12 DEBUG     * Conversion: LabColor passed to <function Lab_to_XYZ at 0x7f95f5340310>()
07-18 15:49-12 DEBUG     |->  in LabColor (lab_l:0.0128 lab_a:-0.2755 lab_b:-0.0130)
07-18 15:49-12 DEBUG     |-< out XYZColor (xyz_x:-0.0001 xyz_y:0.0000 xyz_z:0.0000)
07-18 15:49-12 DEBUG     * Conversion: XYZColor passed to <function XYZ_to_RGB at 0x7f95f5340820>()
07-18 15:49-12 DEBUG     |->  in XYZColor (xyz_x:-0.0001 xyz_y:0.0000 xyz_z:0.0000)
07-18 15:49-12 DEBUG      \- Target RGB space: <class 'colormath.color_objects.sRGBColor'>
07-18 15:49-12 DEBUG      \- Target native illuminant: d65
07-18 15:49-12 DEBUG      \- XYZ color's illuminant: d50
07-18 15:49-12 DEBUG      \* Applying transformation from d50 to d65 
07-18 15:49-12 DEBUG      \* Applying adaptation matrix: bradford
07-18 15:49-12 DEBUG      \*   New values: -0.000, 0.000, 0.000
07-18 15:49-12 DEBUG      \* Applying RGB conversion matrix: type->xyz_to_rgb
07-18 15:49-12 DEBUG     |-< out sRGBColor (rgb_r:0.0000 rgb_g:0.0010 rgb_b:0.0002)
07-18 15:49-12 DEBUG    Converting LabColor (lab_l:63.0000 lab_a:35.0000 lab_b:233.0000) to <class 'colormath.color_objects.sRGBColor'>
07-18 15:49-12 DEBUG     @ Conversion path: [<function Lab_to_XYZ at 0x7f95f5340310>, <function XYZ_to_RGB at 0x7f95f5340820>]
07-18 15:49-12 DEBUG     * Conversion: LabColor passed to <function Lab_to_XYZ at 0x7f95f5340310>()
07-18 15:49-12 DEBUG     |->  in LabColor (lab_l:63.0000 lab_a:35.0000 lab_b:233.0000)
07-18 15:49-12 DEBUG     |-< out XYZColor (xyz_x:0.4085 xyz_y:0.3159 xyz_z:-0.0659)
07-18 15:49-12 DEBUG     * Conversion: XYZColor passed to <function XYZ_to_RGB at 0x7f95f5340820>()
07-18 15:49-12 DEBUG     |->  in XYZColor (xyz_x:0.4085 xyz_y:0.3159 xyz_z:-0.0659)
07-18 15:49-12 DEBUG      \- Target RGB space: <class 'colormath.color_objects.sRGBColor'>
07-18 15:49-12 DEBUG      \- Target native illuminant: d65
07-18 15:49-12 DEBUG      \- XYZ color's illuminant: d50
07-18 15:49-12 DEBUG      \* Applying transformation from d50 to d65 
07-18 15:49-12 DEBUG      \* Applying adaptation matrix: bradford
07-18 15:49-12 DEBUG      \*   New values: 0.379, 0.306, -0.089
07-18 15:49-12 DEBUG      \* Applying RGB conversion matrix: type->xyz_to_rgb
07-18 15:49-12 DEBUG     |-< out sRGBColor (rgb_r:0.9072 rgb_g:0.4882 rgb_b:0.0000)
07-18 15:49-12 DEBUG    Loaded backend agg version v2.2.
